<?xml version="1.0" encoding="UTF-8"?>
<!-- Generated by org.testng.reporters.JUnitReportReporter -->
<testsuite hostname="LTIN515427" failures="0" tests="1" name="testComponents.TC_004_CorporateWellness_ValidDetails" time="49.823" errors="0" timestamp="2024-05-08T17:40:46 IST" skipped="0">
  <testcase classname="testComponents.TC_004_CorporateWellness_ValidDetails" name="openingCorporateWellness" time="49.823"/>
</testsuite> <!-- testComponents.TC_004_CorporateWellness_ValidDetails -->
