<?xml version="1.0" encoding="UTF-8"?>
<!-- Generated by org.testng.reporters.JUnitReportReporter -->
<testsuite hostname="LTIN515427" failures="0" tests="2" name="testComponents.TC_001_SearchingDentists" time="56.771" errors="0" timestamp="2024-05-03T23:12:30 IST" skipped="0">
  <testcase classname="testComponents.TC_001_SearchingDentists" name="searchingDentists" time="10.096"/>
  <testcase classname="testComponents.TC_001_SearchingDentists" name="gettingDentists" time="46.675"/>
</testsuite> <!-- testComponents.TC_001_SearchingDentists -->
