<?xml version="1.0" encoding="UTF-8"?>
<!-- Generated by org.testng.reporters.JUnitReportReporter -->
<testsuite hostname="LTIN515427" failures="0" tests="1" name="testComponents.TC_003_CorporateWellness_ValidDetails" time="14.706" errors="0" timestamp="2024-05-03T22:42:53 IST" skipped="0">
  <testcase classname="testComponents.TC_003_CorporateWellness_ValidDetails" name="openingCorporateWellness" time="14.706"/>
</testsuite> <!-- testComponents.TC_003_CorporateWellness_ValidDetails -->
