<?xml version="1.0" encoding="UTF-8"?>
<!-- Generated by org.testng.reporters.JUnitReportReporter -->
<testsuite hostname="LTIN515427" failures="0" tests="1" name="testComponents.TC_002_DiagnosticsDetails" time="3.698" errors="0" timestamp="2024-05-03T22:42:53 IST" skipped="0">
  <testcase classname="testComponents.TC_002_DiagnosticsDetails" name="navigatingToDiagnostics" time="3.698"/>
</testsuite> <!-- testComponents.TC_002_DiagnosticsDetails -->
