<?xml version="1.0" encoding="UTF-8"?>
<!-- Generated by org.testng.reporters.JUnitReportReporter -->
<testsuite hostname="LTIN515427" failures="0" tests="2" name="testComponents.TC_001_FindingHospital" time="46.300" errors="0" timestamp="2024-05-08T17:40:46 IST" skipped="0">
  <testcase classname="testComponents.TC_001_FindingHospital" name="searchingHospital" time="41.430"/>
  <testcase classname="testComponents.TC_001_FindingHospital" name="gettingHospital" time="4.870"/>
</testsuite> <!-- testComponents.TC_001_FindingHospital -->
