<?xml version="1.0" encoding="UTF-8"?>
<!-- Generated by org.testng.reporters.JUnitReportReporter -->
<testsuite hostname="LTIN515427" failures="0" tests="2" name="testComponents.TC_002_SearchingDentists" time="267.111" errors="0" timestamp="2024-05-08T17:40:46 IST" skipped="0">
  <testcase classname="testComponents.TC_002_SearchingDentists" name="searchingDentists" time="78.170"/>
  <testcase classname="testComponents.TC_002_SearchingDentists" name="gettingDentists" time="188.941"/>
</testsuite> <!-- testComponents.TC_002_SearchingDentists -->
